{"C:\\Users\\Arul\\tes-itomney2\\test-itomney\\app.js": {"path":"C:\\Users\\Arul\\tes-itomney2\\test-itomney\\app.js","statementMap":{"0":{"start":{"line":1,"column":16},"end":{"line":1,"column":34}},"1":{"start":{"line":3,"column":12},"end":{"line":3,"column":21}},"2":{"start":{"line":4,"column":13},"end":{"line":4,"column":17}},"3":{"start":{"line":5,"column":0},"end":{"line":5,"column":47}},"4":{"start":{"line":6,"column":0},"end":{"line":6,"column":23}},"5":{"start":{"line":10,"column":4},"end":{"line":10,"column":16}},"6":{"start":{"line":11,"column":4},"end":{"line":11,"column":20}},"7":{"start":{"line":15,"column":15},"end":{"line":15,"column":17}},"8":{"start":{"line":16,"column":0},"end":{"line":30,"column":2}},"9":{"start":{"line":17,"column":19},"end":{"line":17,"column":27}},"10":{"start":{"line":18,"column":11},"end":{"line":18,"column":26}},"11":{"start":{"line":19,"column":18},"end":{"line":19,"column":59}},"12":{"start":{"line":21,"column":23},"end":{"line":24,"column":3}},"13":{"start":{"line":25,"column":2},"end":{"line":25,"column":29}},"14":{"start":{"line":26,"column":2},"end":{"line":29,"column":4}},"15":{"start":{"line":33,"column":2},"end":{"line":46,"column":3}},"16":{"start":{"line":33,"column":15},"end":{"line":33,"column":16}},"17":{"start":{"line":34,"column":4},"end":{"line":45,"column":5}},"18":{"start":{"line":34,"column":17},"end":{"line":34,"column":18}},"19":{"start":{"line":36,"column":6},"end":{"line":44,"column":7}},"20":{"start":{"line":37,"column":8},"end":{"line":37,"column":30}},"21":{"start":{"line":39,"column":8},"end":{"line":43,"column":9}},"22":{"start":{"line":40,"column":22},"end":{"line":40,"column":36}},"23":{"start":{"line":41,"column":10},"end":{"line":41,"column":45}},"24":{"start":{"line":42,"column":10},"end":{"line":42,"column":36}},"25":{"start":{"line":48,"column":2},"end":{"line":48,"column":17}},"26":{"start":{"line":51,"column":0},"end":{"line":56,"column":2}},"27":{"start":{"line":52,"column":2},"end":{"line":55,"column":4}},"28":{"start":{"line":58,"column":0},"end":{"line":60,"column":2}},"29":{"start":{"line":59,"column":2},"end":{"line":59,"column":49}},"30":{"start":{"line":62,"column":0},"end":{"line":62,"column":20}}},"fnMap":{"0":{"name":"(anonymous_0)","decl":{"start":{"line":9,"column":2},"end":{"line":9,"column":3}},"loc":{"start":{"line":9,"column":25},"end":{"line":12,"column":3}},"line":9},"1":{"name":"(anonymous_1)","decl":{"start":{"line":16,"column":14},"end":{"line":16,"column":15}},"loc":{"start":{"line":16,"column":28},"end":{"line":30,"column":1}},"line":16},"2":{"name":"sort","decl":{"start":{"line":32,"column":9},"end":{"line":32,"column":13}},"loc":{"start":{"line":32,"column":25},"end":{"line":49,"column":1}},"line":32},"3":{"name":"(anonymous_3)","decl":{"start":{"line":51,"column":13},"end":{"line":51,"column":14}},"loc":{"start":{"line":51,"column":27},"end":{"line":56,"column":1}},"line":51},"4":{"name":"(anonymous_4)","decl":{"start":{"line":58,"column":17},"end":{"line":58,"column":18}},"loc":{"start":{"line":58,"column":23},"end":{"line":60,"column":1}},"line":58}},"branchMap":{"0":{"loc":{"start":{"line":36,"column":6},"end":{"line":44,"column":7}},"type":"if","locations":[{"start":{"line":36,"column":6},"end":{"line":44,"column":7}},{"start":{"line":38,"column":13},"end":{"line":44,"column":7}}],"line":36},"1":{"loc":{"start":{"line":39,"column":8},"end":{"line":43,"column":9}},"type":"if","locations":[{"start":{"line":39,"column":8},"end":{"line":43,"column":9}},{"start":{},"end":{}}],"line":39}},"s":{"0":1,"1":1,"2":1,"3":1,"4":1,"5":0,"6":0,"7":1,"8":1,"9":1,"10":1,"11":1,"12":1,"13":1,"14":1,"15":1,"16":1,"17":1,"18":1,"19":1,"20":1,"21":0,"22":0,"23":0,"24":0,"25":1,"26":1,"27":1,"28":1,"29":1,"30":1},"f":{"0":0,"1":1,"2":1,"3":1,"4":1},"b":{"0":[1,0],"1":[0,0]},"_coverageSchema":"1a1c01bbd47fc00a2c39e90264f33305004495a9","hash":"e823bbae6c5402d2eeb4699414061db65c683742"}
}
