TN:
SF:app.js
FN:9,(anonymous_0)
FN:16,(anonymous_1)
FN:32,sort
FN:51,(anonymous_3)
FN:58,(anonymous_4)
FNF:5
FNH:4
FNDA:0,(anonymous_0)
FNDA:1,(anonymous_1)
FNDA:1,sort
FNDA:1,(anonymous_3)
FNDA:1,(anonymous_4)
DA:1,1
DA:3,1
DA:4,1
DA:5,1
DA:6,1
DA:10,0
DA:11,0
DA:15,1
DA:16,1
DA:17,1
DA:18,1
DA:19,1
DA:21,1
DA:25,1
DA:26,1
DA:33,1
DA:34,1
DA:36,1
DA:37,1
DA:39,0
DA:40,0
DA:41,0
DA:42,0
DA:48,1
DA:51,1
DA:52,1
DA:58,1
DA:59,1
DA:62,1
LF:29
LH:23
BRDA:36,0,0,1
BRDA:36,0,1,0
BRDA:39,1,0,0
BRDA:39,1,1,0
BRF:4
BRH:1
end_of_record
